created account withcould not create account as already exitscreated account withcould not create account as already exits ndimmuo@gmail.comcreated account withcould not create account as already exits ndimmuo@gmail.comcreated account withcould not create account as already exits ndimmuo@gmail.com
created account withcould not create account as already exits ndimmuo@gmail.com
2021-09-11T16:41:36.845Zcreated account withcould not create account as already exits ndimmuo@gmail.com
2021-09-11T16:59:37.225Zcreated account withkalchuka@gmail.com
2021-09-11T17:01:22.696Zcreated account withkalchuka@gmail.com
2021-09-11T17:01:22.780Zsent Email to kalchuka@gmail.com
2021-09-11T17:03:33.051Zcreated account withkalchuka@gmail.com
2021-09-11T17:03:33.138Zsent Email to kalchuka@gmail.com
2021-09-11T17:05:10.125Zcreated account withkalchuka@gmail.com
2021-09-11T17:05:10.198Zsent Email to kalchuka@gmail.com
2021-09-11T17:09:23.361Zcreated account withkalchuka@gmail.com
2021-09-11T17:09:23.439Zsent Email to kalchuka@gmail.com
2021-09-11T17:17:38.773Zcreated account with lski@gmail.comWith code2
2021-09-11T17:17:38.874Zsent Email to lski@gmail.com
2021-09-11T17:18:39.286Zcreated account withlsdki@gmail.comWith code8
2021-09-11T17:18:39.357Zsent Email to lsdki@gmail.com
2021-09-11T17:21:55.490Zcreated account withlsdksi@gmail.comWith code5401
2021-09-11T17:21:56.355Zsent Email to lsdksi@gmail.com
2021-09-11T17:39:41.078Zcreated account withemail@gmail.comWith code3932
2021-09-11T17:39:41.236Zsent Email to email@gmail.com
2021-09-11T17:44:50.612Zcreated account withemails@gmail.comWith code6845
2021-09-11T17:44:50.753Zsent Email to emails@gmail.com
